::1 - - [13/May/2019:08:00:12 +0400] "GET / HTTP/1.1" 200 46
::1 - - [13/May/2019:08:00:12 +0400] "GET /favicon.ico HTTP/1.1" 404 209
::1 - - [13/May/2019:08:08:53 +0400] "GET / HTTP/1.1" 200 68
::1 - - [13/May/2019:08:11:11 +0400] "GET / HTTP/1.1" 304 -
::1 - - [13/May/2019:08:11:11 +0400] "GET / HTTP/1.1" 304 -
::1 - - [13/May/2019:08:11:17 +0400] "GET / HTTP/1.1" 304 -
::1 - - [13/May/2019:08:11:18 +0400] "GET / HTTP/1.1" 304 -
::1 - - [13/May/2019:08:11:18 +0400] "GET / HTTP/1.1" 304 -
::1 - - [13/May/2019:08:11:18 +0400] "GET / HTTP/1.1" 304 -
::1 - - [13/May/2019:08:11:19 +0400] "GET / HTTP/1.1" 304 -
::1 - - [13/May/2019:08:11:19 +0400] "GET / HTTP/1.1" 304 -
::1 - - [13/May/2019:08:17:47 +0400] "GET / HTTP/1.1" 304 -
::1 - - [13/May/2019:08:17:52 +0400] "GET / HTTP/1.1" 304 -
::1 - - [13/May/2019:08:17:53 +0400] "GET / HTTP/1.1" 304 -
::1 - - [13/May/2019:08:17:53 +0400] "GET / HTTP/1.1" 304 -
::1 - - [13/May/2019:08:17:54 +0400] "GET / HTTP/1.1" 304 -
::1 - - [13/May/2019:08:18:25 +0400] "GET / HTTP/1.1" 304 -
::1 - - [13/May/2019:08:18:26 +0400] "GET / HTTP/1.1" 304 -
::1 - - [13/May/2019:08:18:26 +0400] "GET / HTTP/1.1" 304 -
::1 - - [13/May/2019:08:18:27 +0400] "GET / HTTP/1.1" 304 -
::1 - - [13/May/2019:08:18:27 +0400] "GET / HTTP/1.1" 304 -
::1 - - [13/May/2019:08:18:27 +0400] "GET / HTTP/1.1" 304 -
::1 - - [13/May/2019:08:19:26 +0400] "-" 408 -
::1 - - [13/May/2019:08:21:12 +0400] "GET / HTTP/1.1" 304 -
::1 - - [13/May/2019:08:21:14 +0400] "GET / HTTP/1.1" 304 -
::1 - - [13/May/2019:08:24:49 +0400] "GET / HTTP/1.1" 200 454
::1 - - [13/May/2019:08:27:57 +0400] "GET / HTTP/1.1" 200 557
::1 - - [13/May/2019:08:30:10 +0400] "GET / HTTP/1.1" 200 595
::1 - - [13/May/2019:08:30:10 +0400] "GET /index.js HTTP/1.1" 200 89
::1 - - [13/May/2019:08:30:12 +0400] "GET / HTTP/1.1" 304 -
::1 - - [13/May/2019:08:30:22 +0400] "GET / HTTP/1.1" 200 598
::1 - - [13/May/2019:08:30:22 +0400] "GET / HTTP/1.1" 304 -
::1 - - [13/May/2019:08:30:23 +0400] "GET / HTTP/1.1" 304 -
::1 - - [13/May/2019:08:33:31 +0400] "GET / HTTP/1.1" 200 714
::1 - - [13/May/2019:08:33:31 +0400] "GET /index.js HTTP/1.1" 200 353404
::1 - - [13/May/2019:08:33:45 +0400] "GET / HTTP/1.1" 200 744
::1 - - [13/May/2019:08:33:45 +0400] "GET /index.js HTTP/1.1" 304 -
::1 - - [13/May/2019:08:33:52 +0400] "GET / HTTP/1.1" 200 702
